[STEP]14:37:56:221-caseLogs.py:54 >> Method Name:testCase01_must_key_check, Class Name:CreateGroupInput
[STEP]14:37:56:221-caseLogs.py:55 >> Test Description:查询首页便签, 必填项user_id为空
[STEP]14:38:30:278-caseLogs.py:54 >> Method Name:testCase01_must_key_check, Class Name:CreateGroupInput
[STEP]14:38:30:280-caseLogs.py:55 >> Test Description:查询首页便签, 必填项user_id为空
[STEP]14:38:30:280-test_input.py:27 >> 【step】前置构建首页便签数据
[STEP]14:38:31:633-test_input.py:32 >> 【step】获取首页便签
[INFO]14:38:31:633-httpReMethod.py:42 >> send url: http://note-api.wps.cn/v3/notesvr/user/None/home/startindex/0/rows/50/notes
[INFO]14:38:31:633-httpReMethod.py:43 >> send headers: {'Cookie': 'wps_sid=V02SS3bAi_Tyd2Jka6BPbfRLnDcM4bw00aa04f6d001b611f10', 'X-user-key': 'None'}
[INFO]14:38:32:024-httpReMethod.py:52 >> recv code: 500
[INFO]14:38:32:040-httpReMethod.py:53 >> recv body: {"errorCode":-7,"errorMsg":"参数类型错误！"}
[STEP]14:41:20:367-caseLogs.py:54 >> Method Name:testCase02_must_key_userId_str, Class Name:CreateGroupInput
[STEP]14:41:20:371-caseLogs.py:55 >> Test Description:查询首页便签, 必填项user_id为字符串
[STEP]14:41:20:374-test_input.py:38 >> 【step】前置构建首页便签数据
[STEP]14:41:21:683-test_input.py:42 >> 【step】获取首页便签
[INFO]14:41:21:687-httpReMethod.py:42 >> send url: http://note-api.wps.cn/v3/notesvr/user/str(459349776)/home/startindex/0/rows/50/notes
[INFO]14:41:21:691-httpReMethod.py:43 >> send headers: {'Cookie': 'wps_sid=V02SS3bAi_Tyd2Jka6BPbfRLnDcM4bw00aa04f6d001b611f10', 'X-user-key': '459349776'}
[INFO]14:41:22:030-httpReMethod.py:52 >> recv code: 500
[INFO]14:41:22:034-httpReMethod.py:53 >> recv body: {"errorCode":-7,"errorMsg":"参数类型错误！"}
[STEP]14:42:57:022-caseLogs.py:54 >> Method Name:testCase03_must_key_userId_long, Class Name:CreateGroupInput
[STEP]14:42:57:026-caseLogs.py:55 >> Test Description:查询首页便签, 必填项user_id长度过长
[STEP]14:42:57:029-test_input.py:48 >> 【step】前置构建首页便签数据
[STEP]14:42:58:253-test_input.py:53 >> 【step】获取首页便签
[INFO]14:42:58:257-httpReMethod.py:42 >> send url: http://note-api.wps.cn/v3/notesvr/user/999999999999999999/home/startindex/0/rows/50/notes
[INFO]14:42:58:260-httpReMethod.py:43 >> send headers: {'Cookie': 'wps_sid=V02SS3bAi_Tyd2Jka6BPbfRLnDcM4bw00aa04f6d001b611f10', 'X-user-key': '999999999999999999'}
[INFO]14:42:58:643-httpReMethod.py:52 >> recv code: 412
[INFO]14:42:58:647-httpReMethod.py:53 >> recv body: {"errorCode":-1011,"errorMsg":"user change!"}
[STEP]14:45:06:643-caseLogs.py:54 >> Method Name:testCase04_must_key_startindex_None, Class Name:CreateGroupInput
[STEP]14:45:06:646-caseLogs.py:55 >> Test Description:查询首页便签, 必填项startindex为空
[STEP]14:45:06:650-test_input.py:59 >> 【step】前置构建首页便签数据
[STEP]14:45:08:000-test_input.py:64 >> 【step】获取首页便签
[INFO]14:45:08:004-httpReMethod.py:42 >> send url: http://note-api.wps.cn/v3/notesvr/user/459349776/home/startindex/0/rows/50/notes
[INFO]14:45:08:008-httpReMethod.py:43 >> send headers: {'Cookie': 'wps_sid=V02SS3bAi_Tyd2Jka6BPbfRLnDcM4bw00aa04f6d001b611f10', 'X-user-key': '459349776'}
[INFO]14:45:08:568-httpReMethod.py:52 >> recv code: 200
[INFO]14:45:08:572-httpReMethod.py:53 >> recv body: {"responseTime":0,"webNotes":[{"noteId":"1730443506651_noteid","createTime":1730443506957,"star":0,"remindTime":0,"remindType":0,"infoVersion":1,"infoUpdateTime":1730443506957,"groupId":null,"title":"1730443507_title","summary":"1730443507_summary","thumbnail":null,"contentVersion":1,"contentUpdateTime":1730443507584},{"noteId":"1730443377030_noteid","createTime":1730443377291,"star":0,"remindTime":0,"remindType":0,"infoVersion":1,"infoUpdateTime":1730443377291,"groupId":null,"title":"1730443377_title","summary":"1730443377_summary","thumbnail":null,"contentVersion":1,"contentUpdateTime":1730443377832},{"noteId":"1730443280375_noteid","createTime":1730443280649,"star":0,"remindTime":0,"remindType":0,"infoVersion":1,"infoUpdateTime":1730443280649,"groupId":null,"title":"1730443281_title","summary":"1730443281_summary","thumbnail":null,"contentVersion":1,"contentUpdateTime":1730443281293},{"noteId":"1730443110280_noteid","createTime":1730443110502,"star":0,"remindTime":0,"remindType":0,"infoVersion":1,"infoUpdateTime":1730443110502,"groupId":null,"title":"1730443110_title","summary":"1730443110_summary","thumbnail":null,"contentVersion":1,"contentUpdateTime":1730443111207}]}
[STEP]14:45:36:637-caseLogs.py:54 >> Method Name:testCase04_must_key_startindex_None, Class Name:CreateGroupInput
[STEP]14:45:36:640-caseLogs.py:55 >> Test Description:查询首页便签, 必填项startindex为空
[STEP]14:45:36:644-test_input.py:59 >> 【step】前置构建首页便签数据
[STEP]14:45:38:006-test_input.py:64 >> 【step】获取首页便签
[INFO]14:45:38:010-httpReMethod.py:42 >> send url: http://note-api.wps.cn/v3/notesvr/user/459349776/home/None/0/rows/50/notes
[INFO]14:45:38:013-httpReMethod.py:43 >> send headers: {'Cookie': 'wps_sid=V02SS3bAi_Tyd2Jka6BPbfRLnDcM4bw00aa04f6d001b611f10', 'X-user-key': '459349776'}
[INFO]14:45:38:371-httpReMethod.py:52 >> recv code: 404
[INFO]14:45:38:376-httpReMethod.py:53 >> recv body: {"timestamp":"2024-11-01T06:45:37.978+0000","status":404,"error":"Not Found","message":"No message available","path":"/v3/notesvr/user/459349776/home/None/0/rows/50/notes"}
[STEP]14:46:48:767-caseLogs.py:54 >> Method Name:testCase04_must_key_startindex_None, Class Name:CreateGroupInput
[STEP]14:46:48:771-caseLogs.py:55 >> Test Description:查询首页便签, 必填项startindex为空
[STEP]14:46:48:774-test_input.py:59 >> 【step】前置构建首页便签数据
[STEP]14:46:49:938-test_input.py:64 >> 【step】获取首页便签
[INFO]14:46:49:942-httpReMethod.py:42 >> send url: http://note-api.wps.cn/v3/notesvr/user/459349776/home/startindex/None/rows/50/notes
[INFO]14:46:49:946-httpReMethod.py:43 >> send headers: {'Cookie': 'wps_sid=V02SS3bAi_Tyd2Jka6BPbfRLnDcM4bw00aa04f6d001b611f10', 'X-user-key': '459349776'}
[INFO]14:46:50:350-httpReMethod.py:52 >> recv code: 500
[INFO]14:46:50:354-httpReMethod.py:53 >> recv body: {"errorCode":-7,"errorMsg":"参数类型错误！"}
[STEP]14:47:50:314-caseLogs.py:54 >> Method Name:testCase05_must_key_startindex_str, Class Name:CreateGroupInput
[STEP]14:47:50:318-caseLogs.py:55 >> Test Description:查询首页便签, 必填项startindex为字符串
[STEP]14:47:50:321-test_input.py:70 >> 【step】前置构建首页便签数据
[STEP]14:47:51:674-test_input.py:75 >> 【step】获取首页便签
[INFO]14:47:51:678-httpReMethod.py:42 >> send url: http://note-api.wps.cn/v3/notesvr/user/459349776/home/startindex/str(0)/rows/50/notes
[INFO]14:47:51:681-httpReMethod.py:43 >> send headers: {'Cookie': 'wps_sid=V02SS3bAi_Tyd2Jka6BPbfRLnDcM4bw00aa04f6d001b611f10', 'X-user-key': '459349776'}
[INFO]14:47:52:072-httpReMethod.py:52 >> recv code: 500
[INFO]14:47:52:075-httpReMethod.py:53 >> recv body: {"errorCode":-7,"errorMsg":"参数类型错误！"}
[STEP]14:48:34:831-caseLogs.py:54 >> Method Name:testCase06_must_key_startindex_long, Class Name:CreateGroupInput
[STEP]14:48:34:835-caseLogs.py:55 >> Test Description:查询首页便签, 必填项startindex为字符串
[STEP]14:48:34:838-test_input.py:81 >> 【step】前置构建首页便签数据
[STEP]14:48:36:168-test_input.py:86 >> 【step】获取首页便签
[INFO]14:48:36:172-httpReMethod.py:42 >> send url: http://note-api.wps.cn/v3/notesvr/user/459349776/home/startindex/99999999999999/rows/50/notes
[INFO]14:48:36:176-httpReMethod.py:43 >> send headers: {'Cookie': 'wps_sid=V02SS3bAi_Tyd2Jka6BPbfRLnDcM4bw00aa04f6d001b611f10', 'X-user-key': '459349776'}
[INFO]14:48:36:504-httpReMethod.py:52 >> recv code: 500
[INFO]14:48:36:507-httpReMethod.py:53 >> recv body: {"errorCode":-7,"errorMsg":"参数类型错误！"}
[STEP]14:49:32:053-caseLogs.py:54 >> Method Name:testCase07_must_key_rows_None, Class Name:CreateGroupInput
[STEP]14:49:32:056-caseLogs.py:55 >> Test Description:查询首页便签, 必填项rows为空
[STEP]14:49:32:060-test_input.py:92 >> 【step】前置构建首页便签数据
[STEP]14:49:43:639-test_input.py:97 >> 【step】获取首页便签
[INFO]14:49:43:642-httpReMethod.py:42 >> send url: http://note-api.wps.cn/v3/notesvr/user/459349776/home/startindex/0/rows/None/notes
[INFO]14:49:43:646-httpReMethod.py:43 >> send headers: {'Cookie': 'wps_sid=V02SS3bAi_Tyd2Jka6BPbfRLnDcM4bw00aa04f6d001b611f10', 'X-user-key': '459349776'}
[INFO]14:49:44:232-httpReMethod.py:52 >> recv code: 500
[INFO]14:49:44:236-httpReMethod.py:53 >> recv body: {"errorCode":-7,"errorMsg":"参数类型错误！"}
[STEP]14:50:52:213-caseLogs.py:54 >> Method Name:testCase09_must_key_rows_long, Class Name:CreateGroupInput
[STEP]14:50:52:216-caseLogs.py:55 >> Test Description:查询首页便签, 必填项rows为空
[STEP]14:50:52:220-test_input.py:114 >> 【step】前置构建首页便签数据
[STEP]14:50:53:626-test_input.py:119 >> 【step】获取首页便签
[INFO]14:50:53:629-httpReMethod.py:42 >> send url: http://note-api.wps.cn/v3/notesvr/user/459349776/home/startindex/0/rows/999999999999999999/notes
[INFO]14:50:53:633-httpReMethod.py:43 >> send headers: {'Cookie': 'wps_sid=V02SS3bAi_Tyd2Jka6BPbfRLnDcM4bw00aa04f6d001b611f10', 'X-user-key': '459349776'}
[INFO]14:50:53:969-httpReMethod.py:52 >> recv code: 500
[INFO]14:50:53:972-httpReMethod.py:53 >> recv body: {"errorCode":-7,"errorMsg":"参数类型错误！"}
[STEP]14:51:22:428-caseLogs.py:54 >> Method Name:testCase08_must_key_rows_str, Class Name:CreateGroupInput
[STEP]14:51:22:431-caseLogs.py:55 >> Test Description:查询首页便签, 必填项rows为字符串
[STEP]14:51:22:435-test_input.py:103 >> 【step】前置构建首页便签数据
[STEP]14:51:23:812-test_input.py:108 >> 【step】获取首页便签
[INFO]14:51:23:815-httpReMethod.py:42 >> send url: http://note-api.wps.cn/v3/notesvr/user/459349776/home/startindex/0/rows/str(0)/notes
[INFO]14:51:23:819-httpReMethod.py:43 >> send headers: {'Cookie': 'wps_sid=V02SS3bAi_Tyd2Jka6BPbfRLnDcM4bw00aa04f6d001b611f10', 'X-user-key': '459349776'}
[INFO]14:51:24:219-httpReMethod.py:52 >> recv code: 500
[INFO]14:51:24:222-httpReMethod.py:53 >> recv body: {"errorCode":-7,"errorMsg":"参数类型错误！"}
[STEP]16:24:05:358-caseLogs.py:54 >> Method Name:testCase02_check_groupNotes, Class Name:CreateGroupInput
[STEP]16:24:05:358-caseLogs.py:55 >> Test Description:查询分组便签是否在首页
[STEP]16:24:05:358-test_handle.py:43 >> 【step】前置构建分组便签数据
[STEP]16:24:06:686-test_handle.py:48 >> 【step】获取首页便签列表
[INFO]16:24:06:686-httpReMethod.py:42 >> send url: http://note-api.wps.cn/v3/notesvr/user/459349776/home/startindex/0/rows/50/notes
[INFO]16:24:06:702-httpReMethod.py:43 >> send headers: {'Cookie': 'wps_sid=V02SS3bAi_Tyd2Jka6BPbfRLnDcM4bw00aa04f6d001b611f10', 'X-user-key': '459349776'}
[INFO]16:24:07:125-httpReMethod.py:52 >> recv code: 200
[INFO]16:24:07:125-httpReMethod.py:53 >> recv body: {"responseTime":0,"webNotes":[{"noteId":"1730443882435_noteid","createTime":1730443882658,"star":0,"remindTime":0,"remindType":0,"infoVersion":1,"infoUpdateTime":1730443882658,"groupId":null,"title":"1730443883_title","summary":"1730443883_summary","thumbnail":null,"contentVersion":1,"contentUpdateTime":1730443883463},{"noteId":"1730443852220_noteid","createTime":1730443852483,"star":0,"remindTime":0,"remindType":0,"infoVersion":1,"infoUpdateTime":1730443852483,"groupId":null,"title":"1730443852_title","summary":"1730443852_summary","thumbnail":null,"contentVersion":1,"contentUpdateTime":1730443853234},{"noteId":"1730443772060_noteid","createTime":1730443774432,"star":0,"remindTime":0,"remindType":0,"infoVersion":1,"infoUpdateTime":1730443774432,"groupId":null,"title":"1730443777_title","summary":"1730443777_summary","thumbnail":null,"contentVersion":1,"contentUpdateTime":1730443783201},{"noteId":"1730443714839_noteid","createTime":1730443715101,"star":0,"remindTime":0,"remindType":0,"infoVersion":1,"infoUpdateTime":1730443715101,"groupId":null,"title":"1730443715_title","summary":"1730443715_summary","thumbnail":null,"contentVersion":1,"contentUpdateTime":1730443715778},{"noteId":"1730443670322_noteid","createTime":1730443670608,"star":0,"remindTime":0,"remindType":0,"infoVersion":1,"infoUpdateTime":1730443670608,"groupId":null,"title":"1730443670_title","summary":"1730443670_summary","thumbnail":null,"contentVersion":1,"contentUpdateTime":1730443671320},{"noteId":"1730443608775_noteid","createTime":1730443608948,"star":0,"remindTime":0,"remindType":0,"infoVersion":1,"infoUpdateTime":1730443608948,"groupId":null,"title":"1730443609_title","summary":"1730443609_summary","thumbnail":null,"contentVersion":1,"contentUpdateTime":1730443609609},{"noteId":"1730443536644_noteid","createTime":1730443536926,"star":0,"remindTime":0,"remindType":0,"infoVersion":1,"infoUpdateTime":1730443536926,"groupId":null,"title":"1730443537_title","summary":"1730443537_summary","thumbnail":null,"contentVersion":1,"contentUpdateTime":1730443537601},{"noteId":"1730443506651_noteid","createTime":1730443506957,"star":0,"remindTime":0,"remindType":0,"infoVersion":1,"infoUpdateTime":1730443506957,"groupId":null,"title":"1730443507_title","summary":"1730443507_summary","thumbnail":null,"contentVersion":1,"contentUpdateTime":1730443507584},{"noteId":"1730443377030_noteid","createTime":1730443377291,"star":0,"remindTime":0,"remindType":0,"infoVersion":1,"infoUpdateTime":1730443377291,"groupId":null,"title":"1730443377_title","summary":"1730443377_summary","thumbnail":null,"contentVersion":1,"contentUpdateTime":1730443377832},{"noteId":"1730443280375_noteid","createTime":1730443280649,"star":0,"remindTime":0,"remindType":0,"infoVersion":1,"infoUpdateTime":1730443280649,"groupId":null,"title":"1730443281_title","summary":"1730443281_summary","thumbnail":null,"contentVersion":1,"contentUpdateTime":1730443281293},{"noteId":"1730443110280_noteid","createTime":1730443110502,"star":0,"remindTime":0,"remindType":0,"infoVersion":1,"infoUpdateTime":1730443110502,"groupId":null,"title":"1730443110_title","summary":"1730443110_summary","thumbnail":null,"contentVersion":1,"contentUpdateTime":1730443111207}]}
[STEP]16:40:56:991-caseLogs.py:54 >> Method Name:testCase03_check_recycleNotes, Class Name:CreateGroupInput
[STEP]16:40:56:991-caseLogs.py:55 >> Test Description:查询回收站便签是否在首页
[STEP]16:40:56:991-test_handle.py:59 >> 【step】前置构建回收站便签数据
[STEP]16:40:57:601-test_handle.py:64 >> 【step】获取首页便签列表
[INFO]16:40:57:601-httpReMethod.py:42 >> send url: http://note-api.wps.cn/v3/notesvr/user/459349776/home/startindex/0/rows/50/notes
[INFO]16:40:57:617-httpReMethod.py:43 >> send headers: {'Cookie': 'wps_sid=V02SS3bAi_Tyd2Jka6BPbfRLnDcM4bw00aa04f6d001b611f10', 'X-user-key': '459349776'}
[INFO]16:40:57:773-httpReMethod.py:52 >> recv code: 200
[INFO]16:40:57:789-httpReMethod.py:53 >> recv body: {"responseTime":0,"webNotes":[{"noteId":"1730443882435_noteid","createTime":1730443882658,"star":0,"remindTime":0,"remindType":0,"infoVersion":1,"infoUpdateTime":1730443882658,"groupId":null,"title":"1730443883_title","summary":"1730443883_summary","thumbnail":null,"contentVersion":1,"contentUpdateTime":1730443883463},{"noteId":"1730443852220_noteid","createTime":1730443852483,"star":0,"remindTime":0,"remindType":0,"infoVersion":1,"infoUpdateTime":1730443852483,"groupId":null,"title":"1730443852_title","summary":"1730443852_summary","thumbnail":null,"contentVersion":1,"contentUpdateTime":1730443853234},{"noteId":"1730443772060_noteid","createTime":1730443774432,"star":0,"remindTime":0,"remindType":0,"infoVersion":1,"infoUpdateTime":1730443774432,"groupId":null,"title":"1730443777_title","summary":"1730443777_summary","thumbnail":null,"contentVersion":1,"contentUpdateTime":1730443783201},{"noteId":"1730443714839_noteid","createTime":1730443715101,"star":0,"remindTime":0,"remindType":0,"infoVersion":1,"infoUpdateTime":1730443715101,"groupId":null,"title":"1730443715_title","summary":"1730443715_summary","thumbnail":null,"contentVersion":1,"contentUpdateTime":1730443715778},{"noteId":"1730443670322_noteid","createTime":1730443670608,"star":0,"remindTime":0,"remindType":0,"infoVersion":1,"infoUpdateTime":1730443670608,"groupId":null,"title":"1730443670_title","summary":"1730443670_summary","thumbnail":null,"contentVersion":1,"contentUpdateTime":1730443671320},{"noteId":"1730443608775_noteid","createTime":1730443608948,"star":0,"remindTime":0,"remindType":0,"infoVersion":1,"infoUpdateTime":1730443608948,"groupId":null,"title":"1730443609_title","summary":"1730443609_summary","thumbnail":null,"contentVersion":1,"contentUpdateTime":1730443609609},{"noteId":"1730443536644_noteid","createTime":1730443536926,"star":0,"remindTime":0,"remindType":0,"infoVersion":1,"infoUpdateTime":1730443536926,"groupId":null,"title":"1730443537_title","summary":"1730443537_summary","thumbnail":null,"contentVersion":1,"contentUpdateTime":1730443537601},{"noteId":"1730443506651_noteid","createTime":1730443506957,"star":0,"remindTime":0,"remindType":0,"infoVersion":1,"infoUpdateTime":1730443506957,"groupId":null,"title":"1730443507_title","summary":"1730443507_summary","thumbnail":null,"contentVersion":1,"contentUpdateTime":1730443507584},{"noteId":"1730443377030_noteid","createTime":1730443377291,"star":0,"remindTime":0,"remindType":0,"infoVersion":1,"infoUpdateTime":1730443377291,"groupId":null,"title":"1730443377_title","summary":"1730443377_summary","thumbnail":null,"contentVersion":1,"contentUpdateTime":1730443377832},{"noteId":"1730443280375_noteid","createTime":1730443280649,"star":0,"remindTime":0,"remindType":0,"infoVersion":1,"infoUpdateTime":1730443280649,"groupId":null,"title":"1730443281_title","summary":"1730443281_summary","thumbnail":null,"contentVersion":1,"contentUpdateTime":1730443281293},{"noteId":"1730443110280_noteid","createTime":1730443110502,"star":0,"remindTime":0,"remindType":0,"infoVersion":1,"infoUpdateTime":1730443110502,"groupId":null,"title":"1730443110_title","summary":"1730443110_summary","thumbnail":null,"contentVersion":1,"contentUpdateTime":1730443111207}]}
[STEP]16:57:00:467-caseLogs.py:54 >> Method Name:testCase04_check_delNotes, Class Name:CreateGroupInput
[STEP]16:57:00:467-caseLogs.py:55 >> Test Description:查询彻底删除便签是否在首页
[STEP]16:57:00:483-test_handle.py:75 >> 【step】前置彻底删除便签数据
[STEP]16:57:02:314-test_handle.py:81 >> 【step】获取首页便签列表
[INFO]16:57:02:314-httpReMethod.py:42 >> send url: http://note-api.wps.cn/v3/notesvr/user/459349776/home/startindex/0/rows/50/notes
[INFO]16:57:02:314-httpReMethod.py:43 >> send headers: {'Cookie': 'wps_sid=V02SS3bAi_Tyd2Jka6BPbfRLnDcM4bw00aa04f6d001b611f10', 'X-user-key': '459349776'}
[INFO]16:57:02:767-httpReMethod.py:52 >> recv code: 200
[INFO]16:57:02:767-httpReMethod.py:53 >> recv body: {"responseTime":0,"webNotes":[{"noteId":"1730451222253_noteid","createTime":1730451222466,"star":0,"remindTime":0,"remindType":0,"infoVersion":1,"infoUpdateTime":1730451222466,"groupId":null,"title":"1730451222_title","summary":"1730451222_summary","thumbnail":null,"contentVersion":1,"contentUpdateTime":1730451222963},{"noteId":"1730451174079_noteid","createTime":1730451175126,"star":0,"remindTime":0,"remindType":0,"infoVersion":1,"infoUpdateTime":1730451175126,"groupId":null,"title":"1730451175_title","summary":"1730451175_summary","thumbnail":null,"contentVersion":1,"contentUpdateTime":1730451175566},{"noteId":"1730443882435_noteid","createTime":1730443882658,"star":0,"remindTime":0,"remindType":0,"infoVersion":1,"infoUpdateTime":1730443882658,"groupId":null,"title":"1730443883_title","summary":"1730443883_summary","thumbnail":null,"contentVersion":1,"contentUpdateTime":1730443883463},{"noteId":"1730443852220_noteid","createTime":1730443852483,"star":0,"remindTime":0,"remindType":0,"infoVersion":1,"infoUpdateTime":1730443852483,"groupId":null,"title":"1730443852_title","summary":"1730443852_summary","thumbnail":null,"contentVersion":1,"contentUpdateTime":1730443853234},{"noteId":"1730443772060_noteid","createTime":1730443774432,"star":0,"remindTime":0,"remindType":0,"infoVersion":1,"infoUpdateTime":1730443774432,"groupId":null,"title":"1730443777_title","summary":"1730443777_summary","thumbnail":null,"contentVersion":1,"contentUpdateTime":1730443783201},{"noteId":"1730443714839_noteid","createTime":1730443715101,"star":0,"remindTime":0,"remindType":0,"infoVersion":1,"infoUpdateTime":1730443715101,"groupId":null,"title":"1730443715_title","summary":"1730443715_summary","thumbnail":null,"contentVersion":1,"contentUpdateTime":1730443715778},{"noteId":"1730443670322_noteid","createTime":1730443670608,"star":0,"remindTime":0,"remindType":0,"infoVersion":1,"infoUpdateTime":1730443670608,"groupId":null,"title":"1730443670_title","summary":"1730443670_summary","thumbnail":null,"contentVersion":1,"contentUpdateTime":1730443671320},{"noteId":"1730443608775_noteid","createTime":1730443608948,"star":0,"remindTime":0,"remindType":0,"infoVersion":1,"infoUpdateTime":1730443608948,"groupId":null,"title":"1730443609_title","summary":"1730443609_summary","thumbnail":null,"contentVersion":1,"contentUpdateTime":1730443609609},{"noteId":"1730443536644_noteid","createTime":1730443536926,"star":0,"remindTime":0,"remindType":0,"infoVersion":1,"infoUpdateTime":1730443536926,"groupId":null,"title":"1730443537_title","summary":"1730443537_summary","thumbnail":null,"contentVersion":1,"contentUpdateTime":1730443537601},{"noteId":"1730443506651_noteid","createTime":1730443506957,"star":0,"remindTime":0,"remindType":0,"infoVersion":1,"infoUpdateTime":1730443506957,"groupId":null,"title":"1730443507_title","summary":"1730443507_summary","thumbnail":null,"contentVersion":1,"contentUpdateTime":1730443507584},{"noteId":"1730443377030_noteid","createTime":1730443377291,"star":0,"remindTime":0,"remindType":0,"infoVersion":1,"infoUpdateTime":1730443377291,"groupId":null,"title":"1730443377_title","summary":"1730443377_summary","thumbnail":null,"contentVersion":1,"contentUpdateTime":1730443377832},{"noteId":"1730443280375_noteid","createTime":1730443280649,"star":0,"remindTime":0,"remindType":0,"infoVersion":1,"infoUpdateTime":1730443280649,"groupId":null,"title":"1730443281_title","summary":"1730443281_summary","thumbnail":null,"contentVersion":1,"contentUpdateTime":1730443281293},{"noteId":"1730443110280_noteid","createTime":1730443110502,"star":0,"remindTime":0,"remindType":0,"infoVersion":1,"infoUpdateTime":1730443110502,"groupId":null,"title":"1730443110_title","summary":"1730443110_summary","thumbnail":null,"contentVersion":1,"contentUpdateTime":1730443111207}]}
[STEP]17:02:31:221-caseLogs.py:54 >> Method Name:testCase05_limit_rows, Class Name:CreateGroupInput
[STEP]17:02:31:225-caseLogs.py:55 >> Test Description:获取首页便签，限制获取条数
[STEP]17:02:31:229-test_handle.py:92 >> 【step】前置彻底删除便签数据
[STEP]17:02:32:047-test_handle.py:97 >> 【step】获取首页便签列表
[INFO]17:02:32:051-httpReMethod.py:42 >> send url: http://note-api.wps.cn/v3/notesvr/user/459349776/home/startindex/0/rows/1/notes
[INFO]17:02:32:055-httpReMethod.py:43 >> send headers: {'Cookie': 'wps_sid=V02SS3bAi_Tyd2Jka6BPbfRLnDcM4bw00aa04f6d001b611f10', 'X-user-key': '459349776'}
[INFO]17:02:32:249-httpReMethod.py:52 >> recv code: 200
[INFO]17:02:32:253-httpReMethod.py:53 >> recv body: {"responseTime":0,"webNotes":[{"noteId":"1730451751644_noteid","createTime":1730451751793,"star":0,"remindTime":0,"remindType":0,"infoVersion":1,"infoUpdateTime":1730451751793,"groupId":null,"title":"1730451751_title","summary":"1730451751_summary","thumbnail":null,"contentVersion":1,"contentUpdateTime":1730451752014}]}
[STEP]17:11:09:093-caseLogs.py:54 >> Method Name:testCase05_limit_startindex, Class Name:CreateGroupInput
[STEP]17:11:09:093-caseLogs.py:55 >> Test Description:获取首页便签，限制获取条数
[STEP]17:11:09:093-test_handle.py:104 >> 【step】前置彻底删除便签数据
[STEP]17:11:10:015-test_handle.py:109 >> 【step】获取首页便签列表
[INFO]17:11:10:015-httpReMethod.py:42 >> send url: http://note-api.wps.cn/v3/notesvr/user/459349776/home/startindex/1/rows/50/notes
[INFO]17:11:10:015-httpReMethod.py:43 >> send headers: {'Cookie': 'wps_sid=V02SS3bAi_Tyd2Jka6BPbfRLnDcM4bw00aa04f6d001b611f10', 'X-user-key': '459349776'}
[INFO]17:11:10:297-httpReMethod.py:52 >> recv code: 200
[INFO]17:11:10:313-httpReMethod.py:53 >> recv body: {"responseTime":0,"webNotes":[{"noteId":"1730452269093_noteid","createTime":1730452269230,"star":0,"remindTime":0,"remindType":0,"infoVersion":1,"infoUpdateTime":1730452269230,"groupId":null,"title":"1730452269_title","summary":"1730452269_summary","thumbnail":null,"contentVersion":1,"contentUpdateTime":1730452269459},{"noteId":"1730451751644_noteid","createTime":1730451751793,"star":0,"remindTime":0,"remindType":0,"infoVersion":1,"infoUpdateTime":1730451751793,"groupId":null,"title":"1730451751_title","summary":"1730451751_summary","thumbnail":null,"contentVersion":1,"contentUpdateTime":1730451752014},{"noteId":"1730451751229_noteid","createTime":1730451751360,"star":0,"remindTime":0,"remindType":0,"infoVersion":1,"infoUpdateTime":1730451751360,"groupId":null,"title":"1730451751_title","summary":"1730451751_summary","thumbnail":null,"contentVersion":1,"contentUpdateTime":1730451751610},{"noteId":"1730451222253_noteid","createTime":1730451222466,"star":0,"remindTime":0,"remindType":0,"infoVersion":1,"infoUpdateTime":1730451222466,"groupId":null,"title":"1730451222_title","summary":"1730451222_summary","thumbnail":null,"contentVersion":1,"contentUpdateTime":1730451222963},{"noteId":"1730451174079_noteid","createTime":1730451175126,"star":0,"remindTime":0,"remindType":0,"infoVersion":1,"infoUpdateTime":1730451175126,"groupId":null,"title":"1730451175_title","summary":"1730451175_summary","thumbnail":null,"contentVersion":1,"contentUpdateTime":1730451175566},{"noteId":"1730443882435_noteid","createTime":1730443882658,"star":0,"remindTime":0,"remindType":0,"infoVersion":1,"infoUpdateTime":1730443882658,"groupId":null,"title":"1730443883_title","summary":"1730443883_summary","thumbnail":null,"contentVersion":1,"contentUpdateTime":1730443883463},{"noteId":"1730443852220_noteid","createTime":1730443852483,"star":0,"remindTime":0,"remindType":0,"infoVersion":1,"infoUpdateTime":1730443852483,"groupId":null,"title":"1730443852_title","summary":"1730443852_summary","thumbnail":null,"contentVersion":1,"contentUpdateTime":1730443853234},{"noteId":"1730443772060_noteid","createTime":1730443774432,"star":0,"remindTime":0,"remindType":0,"infoVersion":1,"infoUpdateTime":1730443774432,"groupId":null,"title":"1730443777_title","summary":"1730443777_summary","thumbnail":null,"contentVersion":1,"contentUpdateTime":1730443783201},{"noteId":"1730443714839_noteid","createTime":1730443715101,"star":0,"remindTime":0,"remindType":0,"infoVersion":1,"infoUpdateTime":1730443715101,"groupId":null,"title":"1730443715_title","summary":"1730443715_summary","thumbnail":null,"contentVersion":1,"contentUpdateTime":1730443715778},{"noteId":"1730443670322_noteid","createTime":1730443670608,"star":0,"remindTime":0,"remindType":0,"infoVersion":1,"infoUpdateTime":1730443670608,"groupId":null,"title":"1730443670_title","summary":"1730443670_summary","thumbnail":null,"contentVersion":1,"contentUpdateTime":1730443671320},{"noteId":"1730443608775_noteid","createTime":1730443608948,"star":0,"remindTime":0,"remindType":0,"infoVersion":1,"infoUpdateTime":1730443608948,"groupId":null,"title":"1730443609_title","summary":"1730443609_summary","thumbnail":null,"contentVersion":1,"contentUpdateTime":1730443609609},{"noteId":"1730443536644_noteid","createTime":1730443536926,"star":0,"remindTime":0,"remindType":0,"infoVersion":1,"infoUpdateTime":1730443536926,"groupId":null,"title":"1730443537_title","summary":"1730443537_summary","thumbnail":null,"contentVersion":1,"contentUpdateTime":1730443537601},{"noteId":"1730443506651_noteid","createTime":1730443506957,"star":0,"remindTime":0,"remindType":0,"infoVersion":1,"infoUpdateTime":1730443506957,"groupId":null,"title":"1730443507_title","summary":"1730443507_summary","thumbnail":null,"contentVersion":1,"contentUpdateTime":1730443507584},{"noteId":"1730443377030_noteid","createTime":1730443377291,"star":0,"remindTime":0,"remindType":0,"infoVersion":1,"infoUpdateTime":1730443377291,"groupId":null,"title":"1730443377_title","summary":"1730443377_summary","thumbnail":null,"contentVersion":1,"contentUpdateTime":1730443377832},{"noteId":"1730443280375_noteid","createTime":1730443280649,"star":0,"remindTime":0,"remindType":0,"infoVersion":1,"infoUpdateTime":1730443280649,"groupId":null,"title":"1730443281_title","summary":"1730443281_summary","thumbnail":null,"contentVersion":1,"contentUpdateTime":1730443281293},{"noteId":"1730443110280_noteid","createTime":1730443110502,"star":0,"remindTime":0,"remindType":0,"infoVersion":1,"infoUpdateTime":1730443110502,"groupId":null,"title":"1730443110_title","summary":"1730443110_summary","thumbnail":null,"contentVersion":1,"contentUpdateTime":1730443111207}]}
[STEP]17:11:22:898-caseLogs.py:54 >> Method Name:testCase01_check_calendarNotes, Class Name:CreateGroupInput
[STEP]17:11:22:914-caseLogs.py:55 >> Test Description:查询日历便签是否在首页
[STEP]17:11:22:914-test_handle.py:27 >> 【step】前置构建日历便签数据
[STEP]17:11:23:336-test_handle.py:32 >> 【step】获取首页便签列表
[INFO]17:11:23:336-httpReMethod.py:42 >> send url: http://note-api.wps.cn/v3/notesvr/user/459349776/home/startindex/0/rows/50/notes
[INFO]17:11:23:336-httpReMethod.py:43 >> send headers: {'Cookie': 'wps_sid=V02SS3bAi_Tyd2Jka6BPbfRLnDcM4bw00aa04f6d001b611f10', 'X-user-key': '459349776'}
[INFO]17:11:23:523-httpReMethod.py:52 >> recv code: 200
[INFO]17:11:23:539-httpReMethod.py:53 >> recv body: {"responseTime":0,"webNotes":[{"noteId":"1730452269468_noteid","createTime":1730452269651,"star":0,"remindTime":0,"remindType":0,"infoVersion":1,"infoUpdateTime":1730452269651,"groupId":null,"title":"1730452269_title","summary":"1730452269_summary","thumbnail":null,"contentVersion":1,"contentUpdateTime":1730452269948},{"noteId":"1730452269093_noteid","createTime":1730452269230,"star":0,"remindTime":0,"remindType":0,"infoVersion":1,"infoUpdateTime":1730452269230,"groupId":null,"title":"1730452269_title","summary":"1730452269_summary","thumbnail":null,"contentVersion":1,"contentUpdateTime":1730452269459},{"noteId":"1730451751644_noteid","createTime":1730451751793,"star":0,"remindTime":0,"remindType":0,"infoVersion":1,"infoUpdateTime":1730451751793,"groupId":null,"title":"1730451751_title","summary":"1730451751_summary","thumbnail":null,"contentVersion":1,"contentUpdateTime":1730451752014},{"noteId":"1730451751229_noteid","createTime":1730451751360,"star":0,"remindTime":0,"remindType":0,"infoVersion":1,"infoUpdateTime":1730451751360,"groupId":null,"title":"1730451751_title","summary":"1730451751_summary","thumbnail":null,"contentVersion":1,"contentUpdateTime":1730451751610},{"noteId":"1730451222253_noteid","createTime":1730451222466,"star":0,"remindTime":0,"remindType":0,"infoVersion":1,"infoUpdateTime":1730451222466,"groupId":null,"title":"1730451222_title","summary":"1730451222_summary","thumbnail":null,"contentVersion":1,"contentUpdateTime":1730451222963},{"noteId":"1730451174079_noteid","createTime":1730451175126,"star":0,"remindTime":0,"remindType":0,"infoVersion":1,"infoUpdateTime":1730451175126,"groupId":null,"title":"1730451175_title","summary":"1730451175_summary","thumbnail":null,"contentVersion":1,"contentUpdateTime":1730451175566},{"noteId":"1730443882435_noteid","createTime":1730443882658,"star":0,"remindTime":0,"remindType":0,"infoVersion":1,"infoUpdateTime":1730443882658,"groupId":null,"title":"1730443883_title","summary":"1730443883_summary","thumbnail":null,"contentVersion":1,"contentUpdateTime":1730443883463},{"noteId":"1730443852220_noteid","createTime":1730443852483,"star":0,"remindTime":0,"remindType":0,"infoVersion":1,"infoUpdateTime":1730443852483,"groupId":null,"title":"1730443852_title","summary":"1730443852_summary","thumbnail":null,"contentVersion":1,"contentUpdateTime":1730443853234},{"noteId":"1730443772060_noteid","createTime":1730443774432,"star":0,"remindTime":0,"remindType":0,"infoVersion":1,"infoUpdateTime":1730443774432,"groupId":null,"title":"1730443777_title","summary":"1730443777_summary","thumbnail":null,"contentVersion":1,"contentUpdateTime":1730443783201},{"noteId":"1730443714839_noteid","createTime":1730443715101,"star":0,"remindTime":0,"remindType":0,"infoVersion":1,"infoUpdateTime":1730443715101,"groupId":null,"title":"1730443715_title","summary":"1730443715_summary","thumbnail":null,"contentVersion":1,"contentUpdateTime":1730443715778},{"noteId":"1730443670322_noteid","createTime":1730443670608,"star":0,"remindTime":0,"remindType":0,"infoVersion":1,"infoUpdateTime":1730443670608,"groupId":null,"title":"1730443670_title","summary":"1730443670_summary","thumbnail":null,"contentVersion":1,"contentUpdateTime":1730443671320},{"noteId":"1730443608775_noteid","createTime":1730443608948,"star":0,"remindTime":0,"remindType":0,"infoVersion":1,"infoUpdateTime":1730443608948,"groupId":null,"title":"1730443609_title","summary":"1730443609_summary","thumbnail":null,"contentVersion":1,"contentUpdateTime":1730443609609},{"noteId":"1730443536644_noteid","createTime":1730443536926,"star":0,"remindTime":0,"remindType":0,"infoVersion":1,"infoUpdateTime":1730443536926,"groupId":null,"title":"1730443537_title","summary":"1730443537_summary","thumbnail":null,"contentVersion":1,"contentUpdateTime":1730443537601},{"noteId":"1730443506651_noteid","createTime":1730443506957,"star":0,"remindTime":0,"remindType":0,"infoVersion":1,"infoUpdateTime":1730443506957,"groupId":null,"title":"1730443507_title","summary":"1730443507_summary","thumbnail":null,"contentVersion":1,"contentUpdateTime":1730443507584},{"noteId":"1730443377030_noteid","createTime":1730443377291,"star":0,"remindTime":0,"remindType":0,"infoVersion":1,"infoUpdateTime":1730443377291,"groupId":null,"title":"1730443377_title","summary":"1730443377_summary","thumbnail":null,"contentVersion":1,"contentUpdateTime":1730443377832},{"noteId":"1730443280375_noteid","createTime":1730443280649,"star":0,"remindTime":0,"remindType":0,"infoVersion":1,"infoUpdateTime":1730443280649,"groupId":null,"title":"1730443281_title","summary":"1730443281_summary","thumbnail":null,"contentVersion":1,"contentUpdateTime":1730443281293},{"noteId":"1730443110280_noteid","createTime":1730443110502,"star":0,"remindTime":0,"remindType":0,"infoVersion":1,"infoUpdateTime":1730443110502,"groupId":null,"title":"1730443110_title","summary":"1730443110_summary","thumbnail":null,"contentVersion":1,"contentUpdateTime":1730443111207}]}
[STEP]17:11:23:743-caseLogs.py:54 >> Method Name:testCase02_check_groupNotes, Class Name:CreateGroupInput
[STEP]17:11:23:743-caseLogs.py:55 >> Test Description:查询分组便签是否在首页
[STEP]17:11:23:743-test_handle.py:43 >> 【step】前置构建分组便签数据
[STEP]17:11:24:352-test_handle.py:48 >> 【step】获取首页便签列表
[INFO]17:11:24:368-httpReMethod.py:42 >> send url: http://note-api.wps.cn/v3/notesvr/user/459349776/home/startindex/0/rows/50/notes
[INFO]17:11:24:368-httpReMethod.py:43 >> send headers: {'Cookie': 'wps_sid=V02SS3bAi_Tyd2Jka6BPbfRLnDcM4bw00aa04f6d001b611f10', 'X-user-key': '459349776'}
[INFO]17:11:24:572-httpReMethod.py:52 >> recv code: 200
[INFO]17:11:24:572-httpReMethod.py:53 >> recv body: {"responseTime":0,"webNotes":[{"noteId":"1730452269468_noteid","createTime":1730452269651,"star":0,"remindTime":0,"remindType":0,"infoVersion":1,"infoUpdateTime":1730452269651,"groupId":null,"title":"1730452269_title","summary":"1730452269_summary","thumbnail":null,"contentVersion":1,"contentUpdateTime":1730452269948},{"noteId":"1730452269093_noteid","createTime":1730452269230,"star":0,"remindTime":0,"remindType":0,"infoVersion":1,"infoUpdateTime":1730452269230,"groupId":null,"title":"1730452269_title","summary":"1730452269_summary","thumbnail":null,"contentVersion":1,"contentUpdateTime":1730452269459},{"noteId":"1730451751644_noteid","createTime":1730451751793,"star":0,"remindTime":0,"remindType":0,"infoVersion":1,"infoUpdateTime":1730451751793,"groupId":null,"title":"1730451751_title","summary":"1730451751_summary","thumbnail":null,"contentVersion":1,"contentUpdateTime":1730451752014},{"noteId":"1730451751229_noteid","createTime":1730451751360,"star":0,"remindTime":0,"remindType":0,"infoVersion":1,"infoUpdateTime":1730451751360,"groupId":null,"title":"1730451751_title","summary":"1730451751_summary","thumbnail":null,"contentVersion":1,"contentUpdateTime":1730451751610},{"noteId":"1730451222253_noteid","createTime":1730451222466,"star":0,"remindTime":0,"remindType":0,"infoVersion":1,"infoUpdateTime":1730451222466,"groupId":null,"title":"1730451222_title","summary":"1730451222_summary","thumbnail":null,"contentVersion":1,"contentUpdateTime":1730451222963},{"noteId":"1730451174079_noteid","createTime":1730451175126,"star":0,"remindTime":0,"remindType":0,"infoVersion":1,"infoUpdateTime":1730451175126,"groupId":null,"title":"1730451175_title","summary":"1730451175_summary","thumbnail":null,"contentVersion":1,"contentUpdateTime":1730451175566},{"noteId":"1730443882435_noteid","createTime":1730443882658,"star":0,"remindTime":0,"remindType":0,"infoVersion":1,"infoUpdateTime":1730443882658,"groupId":null,"title":"1730443883_title","summary":"1730443883_summary","thumbnail":null,"contentVersion":1,"contentUpdateTime":1730443883463},{"noteId":"1730443852220_noteid","createTime":1730443852483,"star":0,"remindTime":0,"remindType":0,"infoVersion":1,"infoUpdateTime":1730443852483,"groupId":null,"title":"1730443852_title","summary":"1730443852_summary","thumbnail":null,"contentVersion":1,"contentUpdateTime":1730443853234},{"noteId":"1730443772060_noteid","createTime":1730443774432,"star":0,"remindTime":0,"remindType":0,"infoVersion":1,"infoUpdateTime":1730443774432,"groupId":null,"title":"1730443777_title","summary":"1730443777_summary","thumbnail":null,"contentVersion":1,"contentUpdateTime":1730443783201},{"noteId":"1730443714839_noteid","createTime":1730443715101,"star":0,"remindTime":0,"remindType":0,"infoVersion":1,"infoUpdateTime":1730443715101,"groupId":null,"title":"1730443715_title","summary":"1730443715_summary","thumbnail":null,"contentVersion":1,"contentUpdateTime":1730443715778},{"noteId":"1730443670322_noteid","createTime":1730443670608,"star":0,"remindTime":0,"remindType":0,"infoVersion":1,"infoUpdateTime":1730443670608,"groupId":null,"title":"1730443670_title","summary":"1730443670_summary","thumbnail":null,"contentVersion":1,"contentUpdateTime":1730443671320},{"noteId":"1730443608775_noteid","createTime":1730443608948,"star":0,"remindTime":0,"remindType":0,"infoVersion":1,"infoUpdateTime":1730443608948,"groupId":null,"title":"1730443609_title","summary":"1730443609_summary","thumbnail":null,"contentVersion":1,"contentUpdateTime":1730443609609},{"noteId":"1730443536644_noteid","createTime":1730443536926,"star":0,"remindTime":0,"remindType":0,"infoVersion":1,"infoUpdateTime":1730443536926,"groupId":null,"title":"1730443537_title","summary":"1730443537_summary","thumbnail":null,"contentVersion":1,"contentUpdateTime":1730443537601},{"noteId":"1730443506651_noteid","createTime":1730443506957,"star":0,"remindTime":0,"remindType":0,"infoVersion":1,"infoUpdateTime":1730443506957,"groupId":null,"title":"1730443507_title","summary":"1730443507_summary","thumbnail":null,"contentVersion":1,"contentUpdateTime":1730443507584},{"noteId":"1730443377030_noteid","createTime":1730443377291,"star":0,"remindTime":0,"remindType":0,"infoVersion":1,"infoUpdateTime":1730443377291,"groupId":null,"title":"1730443377_title","summary":"1730443377_summary","thumbnail":null,"contentVersion":1,"contentUpdateTime":1730443377832},{"noteId":"1730443280375_noteid","createTime":1730443280649,"star":0,"remindTime":0,"remindType":0,"infoVersion":1,"infoUpdateTime":1730443280649,"groupId":null,"title":"1730443281_title","summary":"1730443281_summary","thumbnail":null,"contentVersion":1,"contentUpdateTime":1730443281293},{"noteId":"1730443110280_noteid","createTime":1730443110502,"star":0,"remindTime":0,"remindType":0,"infoVersion":1,"infoUpdateTime":1730443110502,"groupId":null,"title":"1730443110_title","summary":"1730443110_summary","thumbnail":null,"contentVersion":1,"contentUpdateTime":1730443111207}]}
[STEP]17:11:24:962-caseLogs.py:54 >> Method Name:testCase03_check_recycleNotes, Class Name:CreateGroupInput
[STEP]17:11:24:962-caseLogs.py:55 >> Test Description:查询回收站便签是否在首页
[STEP]17:11:24:962-test_handle.py:59 >> 【step】前置构建回收站便签数据
[STEP]17:11:25:525-caseLogs.py:54 >> Method Name:testCase04_check_delNotes, Class Name:CreateGroupInput
[STEP]17:11:25:525-caseLogs.py:55 >> Test Description:查询彻底删除便签是否在首页
[STEP]17:11:25:525-test_handle.py:75 >> 【step】前置彻底删除便签数据
[STEP]17:11:26:295-test_handle.py:81 >> 【step】获取首页便签列表
[INFO]17:11:26:298-httpReMethod.py:42 >> send url: http://note-api.wps.cn/v3/notesvr/user/459349776/home/startindex/0/rows/50/notes
[INFO]17:11:26:298-httpReMethod.py:43 >> send headers: {'Cookie': 'wps_sid=V02SS3bAi_Tyd2Jka6BPbfRLnDcM4bw00aa04f6d001b611f10', 'X-user-key': '459349776'}
[INFO]17:11:26:494-httpReMethod.py:52 >> recv code: 200
[INFO]17:11:26:510-httpReMethod.py:53 >> recv body: {"responseTime":0,"webNotes":[{"noteId":"1730452284962_noteid","createTime":1730452285110,"star":0,"remindTime":0,"remindType":0,"infoVersion":1,"infoUpdateTime":1730452285110,"groupId":null,"title":"1730452285_title","summary":"1730452285_summary","thumbnail":null,"contentVersion":1,"contentUpdateTime":1730452285309},{"noteId":"1730452269468_noteid","createTime":1730452269651,"star":0,"remindTime":0,"remindType":0,"infoVersion":1,"infoUpdateTime":1730452269651,"groupId":null,"title":"1730452269_title","summary":"1730452269_summary","thumbnail":null,"contentVersion":1,"contentUpdateTime":1730452269948},{"noteId":"1730452269093_noteid","createTime":1730452269230,"star":0,"remindTime":0,"remindType":0,"infoVersion":1,"infoUpdateTime":1730452269230,"groupId":null,"title":"1730452269_title","summary":"1730452269_summary","thumbnail":null,"contentVersion":1,"contentUpdateTime":1730452269459},{"noteId":"1730451751644_noteid","createTime":1730451751793,"star":0,"remindTime":0,"remindType":0,"infoVersion":1,"infoUpdateTime":1730451751793,"groupId":null,"title":"1730451751_title","summary":"1730451751_summary","thumbnail":null,"contentVersion":1,"contentUpdateTime":1730451752014},{"noteId":"1730451751229_noteid","createTime":1730451751360,"star":0,"remindTime":0,"remindType":0,"infoVersion":1,"infoUpdateTime":1730451751360,"groupId":null,"title":"1730451751_title","summary":"1730451751_summary","thumbnail":null,"contentVersion":1,"contentUpdateTime":1730451751610},{"noteId":"1730451222253_noteid","createTime":1730451222466,"star":0,"remindTime":0,"remindType":0,"infoVersion":1,"infoUpdateTime":1730451222466,"groupId":null,"title":"1730451222_title","summary":"1730451222_summary","thumbnail":null,"contentVersion":1,"contentUpdateTime":1730451222963},{"noteId":"1730451174079_noteid","createTime":1730451175126,"star":0,"remindTime":0,"remindType":0,"infoVersion":1,"infoUpdateTime":1730451175126,"groupId":null,"title":"1730451175_title","summary":"1730451175_summary","thumbnail":null,"contentVersion":1,"contentUpdateTime":1730451175566},{"noteId":"1730443882435_noteid","createTime":1730443882658,"star":0,"remindTime":0,"remindType":0,"infoVersion":1,"infoUpdateTime":1730443882658,"groupId":null,"title":"1730443883_title","summary":"1730443883_summary","thumbnail":null,"contentVersion":1,"contentUpdateTime":1730443883463},{"noteId":"1730443852220_noteid","createTime":1730443852483,"star":0,"remindTime":0,"remindType":0,"infoVersion":1,"infoUpdateTime":1730443852483,"groupId":null,"title":"1730443852_title","summary":"1730443852_summary","thumbnail":null,"contentVersion":1,"contentUpdateTime":1730443853234},{"noteId":"1730443772060_noteid","createTime":1730443774432,"star":0,"remindTime":0,"remindType":0,"infoVersion":1,"infoUpdateTime":1730443774432,"groupId":null,"title":"1730443777_title","summary":"1730443777_summary","thumbnail":null,"contentVersion":1,"contentUpdateTime":1730443783201},{"noteId":"1730443714839_noteid","createTime":1730443715101,"star":0,"remindTime":0,"remindType":0,"infoVersion":1,"infoUpdateTime":1730443715101,"groupId":null,"title":"1730443715_title","summary":"1730443715_summary","thumbnail":null,"contentVersion":1,"contentUpdateTime":1730443715778},{"noteId":"1730443670322_noteid","createTime":1730443670608,"star":0,"remindTime":0,"remindType":0,"infoVersion":1,"infoUpdateTime":1730443670608,"groupId":null,"title":"1730443670_title","summary":"1730443670_summary","thumbnail":null,"contentVersion":1,"contentUpdateTime":1730443671320},{"noteId":"1730443608775_noteid","createTime":1730443608948,"star":0,"remindTime":0,"remindType":0,"infoVersion":1,"infoUpdateTime":1730443608948,"groupId":null,"title":"1730443609_title","summary":"1730443609_summary","thumbnail":null,"contentVersion":1,"contentUpdateTime":1730443609609},{"noteId":"1730443536644_noteid","createTime":1730443536926,"star":0,"remindTime":0,"remindType":0,"infoVersion":1,"infoUpdateTime":1730443536926,"groupId":null,"title":"1730443537_title","summary":"1730443537_summary","thumbnail":null,"contentVersion":1,"contentUpdateTime":1730443537601},{"noteId":"1730443506651_noteid","createTime":1730443506957,"star":0,"remindTime":0,"remindType":0,"infoVersion":1,"infoUpdateTime":1730443506957,"groupId":null,"title":"1730443507_title","summary":"1730443507_summary","thumbnail":null,"contentVersion":1,"contentUpdateTime":1730443507584},{"noteId":"1730443377030_noteid","createTime":1730443377291,"star":0,"remindTime":0,"remindType":0,"infoVersion":1,"infoUpdateTime":1730443377291,"groupId":null,"title":"1730443377_title","summary":"1730443377_summary","thumbnail":null,"contentVersion":1,"contentUpdateTime":1730443377832},{"noteId":"1730443280375_noteid","createTime":1730443280649,"star":0,"remindTime":0,"remindType":0,"infoVersion":1,"infoUpdateTime":1730443280649,"groupId":null,"title":"1730443281_title","summary":"1730443281_summary","thumbnail":null,"contentVersion":1,"contentUpdateTime":1730443281293},{"noteId":"1730443110280_noteid","createTime":1730443110502,"star":0,"remindTime":0,"remindType":0,"infoVersion":1,"infoUpdateTime":1730443110502,"groupId":null,"title":"1730443110_title","summary":"1730443110_summary","thumbnail":null,"contentVersion":1,"contentUpdateTime":1730443111207}]}
[STEP]17:11:26:713-caseLogs.py:54 >> Method Name:testCase05_limit_rows, Class Name:CreateGroupInput
[STEP]17:11:26:713-caseLogs.py:55 >> Test Description:获取首页便签，限制获取条数
[STEP]17:11:26:713-test_handle.py:92 >> 【step】前置彻底删除便签数据
[STEP]17:11:27:510-test_handle.py:97 >> 【step】获取首页便签列表
[INFO]17:11:27:510-httpReMethod.py:42 >> send url: http://note-api.wps.cn/v3/notesvr/user/459349776/home/startindex/0/rows/1/notes
[INFO]17:11:27:510-httpReMethod.py:43 >> send headers: {'Cookie': 'wps_sid=V02SS3bAi_Tyd2Jka6BPbfRLnDcM4bw00aa04f6d001b611f10', 'X-user-key': '459349776'}
[INFO]17:11:27:698-httpReMethod.py:52 >> recv code: 200
[INFO]17:11:27:714-httpReMethod.py:53 >> recv body: {"responseTime":0,"webNotes":[{"noteId":"1730452287088_noteid","createTime":1730452287256,"star":0,"remindTime":0,"remindType":0,"infoVersion":1,"infoUpdateTime":1730452287256,"groupId":null,"title":"1730452287_title","summary":"1730452287_summary","thumbnail":null,"contentVersion":1,"contentUpdateTime":1730452287447}]}
[STEP]17:11:27:901-caseLogs.py:54 >> Method Name:testCase05_limit_startindex, Class Name:CreateGroupInput
[STEP]17:11:27:901-caseLogs.py:55 >> Test Description:获取首页便签，限制获取条数
[STEP]17:11:27:901-test_handle.py:104 >> 【step】前置彻底删除便签数据
[STEP]17:11:28:652-test_handle.py:109 >> 【step】获取首页便签列表
[INFO]17:11:28:668-httpReMethod.py:42 >> send url: http://note-api.wps.cn/v3/notesvr/user/459349776/home/startindex/1/rows/50/notes
[INFO]17:11:28:668-httpReMethod.py:43 >> send headers: {'Cookie': 'wps_sid=V02SS3bAi_Tyd2Jka6BPbfRLnDcM4bw00aa04f6d001b611f10', 'X-user-key': '459349776'}
[INFO]17:11:28:856-httpReMethod.py:52 >> recv code: 200
[INFO]17:11:28:856-httpReMethod.py:53 >> recv body: {"responseTime":0,"webNotes":[{"noteId":"1730452287901_noteid","createTime":1730452288090,"star":0,"remindTime":0,"remindType":0,"infoVersion":1,"infoUpdateTime":1730452288090,"groupId":null,"title":"1730452288_title","summary":"1730452288_summary","thumbnail":null,"contentVersion":1,"contentUpdateTime":1730452288224},{"noteId":"1730452287088_noteid","createTime":1730452287256,"star":0,"remindTime":0,"remindType":0,"infoVersion":1,"infoUpdateTime":1730452287256,"groupId":null,"title":"1730452287_title","summary":"1730452287_summary","thumbnail":null,"contentVersion":1,"contentUpdateTime":1730452287447},{"noteId":"1730452286713_noteid","createTime":1730452286840,"star":0,"remindTime":0,"remindType":0,"infoVersion":1,"infoUpdateTime":1730452286840,"groupId":null,"title":"1730452286_title","summary":"1730452286_summary","thumbnail":null,"contentVersion":1,"contentUpdateTime":1730452287038},{"noteId":"1730452284962_noteid","createTime":1730452285110,"star":0,"remindTime":0,"remindType":0,"infoVersion":1,"infoUpdateTime":1730452285110,"groupId":null,"title":"1730452285_title","summary":"1730452285_summary","thumbnail":null,"contentVersion":1,"contentUpdateTime":1730452285309},{"noteId":"1730452269468_noteid","createTime":1730452269651,"star":0,"remindTime":0,"remindType":0,"infoVersion":1,"infoUpdateTime":1730452269651,"groupId":null,"title":"1730452269_title","summary":"1730452269_summary","thumbnail":null,"contentVersion":1,"contentUpdateTime":1730452269948},{"noteId":"1730452269093_noteid","createTime":1730452269230,"star":0,"remindTime":0,"remindType":0,"infoVersion":1,"infoUpdateTime":1730452269230,"groupId":null,"title":"1730452269_title","summary":"1730452269_summary","thumbnail":null,"contentVersion":1,"contentUpdateTime":1730452269459},{"noteId":"1730451751644_noteid","createTime":1730451751793,"star":0,"remindTime":0,"remindType":0,"infoVersion":1,"infoUpdateTime":1730451751793,"groupId":null,"title":"1730451751_title","summary":"1730451751_summary","thumbnail":null,"contentVersion":1,"contentUpdateTime":1730451752014},{"noteId":"1730451751229_noteid","createTime":1730451751360,"star":0,"remindTime":0,"remindType":0,"infoVersion":1,"infoUpdateTime":1730451751360,"groupId":null,"title":"1730451751_title","summary":"1730451751_summary","thumbnail":null,"contentVersion":1,"contentUpdateTime":1730451751610},{"noteId":"1730451222253_noteid","createTime":1730451222466,"star":0,"remindTime":0,"remindType":0,"infoVersion":1,"infoUpdateTime":1730451222466,"groupId":null,"title":"1730451222_title","summary":"1730451222_summary","thumbnail":null,"contentVersion":1,"contentUpdateTime":1730451222963},{"noteId":"1730451174079_noteid","createTime":1730451175126,"star":0,"remindTime":0,"remindType":0,"infoVersion":1,"infoUpdateTime":1730451175126,"groupId":null,"title":"1730451175_title","summary":"1730451175_summary","thumbnail":null,"contentVersion":1,"contentUpdateTime":1730451175566},{"noteId":"1730443882435_noteid","createTime":1730443882658,"star":0,"remindTime":0,"remindType":0,"infoVersion":1,"infoUpdateTime":1730443882658,"groupId":null,"title":"1730443883_title","summary":"1730443883_summary","thumbnail":null,"contentVersion":1,"contentUpdateTime":1730443883463},{"noteId":"1730443852220_noteid","createTime":1730443852483,"star":0,"remindTime":0,"remindType":0,"infoVersion":1,"infoUpdateTime":1730443852483,"groupId":null,"title":"1730443852_title","summary":"1730443852_summary","thumbnail":null,"contentVersion":1,"contentUpdateTime":1730443853234},{"noteId":"1730443772060_noteid","createTime":1730443774432,"star":0,"remindTime":0,"remindType":0,"infoVersion":1,"infoUpdateTime":1730443774432,"groupId":null,"title":"1730443777_title","summary":"1730443777_summary","thumbnail":null,"contentVersion":1,"contentUpdateTime":1730443783201},{"noteId":"1730443714839_noteid","createTime":1730443715101,"star":0,"remindTime":0,"remindType":0,"infoVersion":1,"infoUpdateTime":1730443715101,"groupId":null,"title":"1730443715_title","summary":"1730443715_summary","thumbnail":null,"contentVersion":1,"contentUpdateTime":1730443715778},{"noteId":"1730443670322_noteid","createTime":1730443670608,"star":0,"remindTime":0,"remindType":0,"infoVersion":1,"infoUpdateTime":1730443670608,"groupId":null,"title":"1730443670_title","summary":"1730443670_summary","thumbnail":null,"contentVersion":1,"contentUpdateTime":1730443671320},{"noteId":"1730443608775_noteid","createTime":1730443608948,"star":0,"remindTime":0,"remindType":0,"infoVersion":1,"infoUpdateTime":1730443608948,"groupId":null,"title":"1730443609_title","summary":"1730443609_summary","thumbnail":null,"contentVersion":1,"contentUpdateTime":1730443609609},{"noteId":"1730443536644_noteid","createTime":1730443536926,"star":0,"remindTime":0,"remindType":0,"infoVersion":1,"infoUpdateTime":1730443536926,"groupId":null,"title":"1730443537_title","summary":"1730443537_summary","thumbnail":null,"contentVersion":1,"contentUpdateTime":1730443537601},{"noteId":"1730443506651_noteid","createTime":1730443506957,"star":0,"remindTime":0,"remindType":0,"infoVersion":1,"infoUpdateTime":1730443506957,"groupId":null,"title":"1730443507_title","summary":"1730443507_summary","thumbnail":null,"contentVersion":1,"contentUpdateTime":1730443507584},{"noteId":"1730443377030_noteid","createTime":1730443377291,"star":0,"remindTime":0,"remindType":0,"infoVersion":1,"infoUpdateTime":1730443377291,"groupId":null,"title":"1730443377_title","summary":"1730443377_summary","thumbnail":null,"contentVersion":1,"contentUpdateTime":1730443377832},{"noteId":"1730443280375_noteid","createTime":1730443280649,"star":0,"remindTime":0,"remindType":0,"infoVersion":1,"infoUpdateTime":1730443280649,"groupId":null,"title":"1730443281_title","summary":"1730443281_summary","thumbnail":null,"contentVersion":1,"contentUpdateTime":1730443281293},{"noteId":"1730443110280_noteid","createTime":1730443110502,"star":0,"remindTime":0,"remindType":0,"infoVersion":1,"infoUpdateTime":1730443110502,"groupId":null,"title":"1730443110_title","summary":"1730443110_summary","thumbnail":null,"contentVersion":1,"contentUpdateTime":1730443111207}]}
[STEP]17:14:25:408-caseLogs.py:54 >> Method Name:testCase01_check_calendarNotes, Class Name:CreateGroupInput
[STEP]17:14:25:423-caseLogs.py:55 >> Test Description:查询日历便签是否在首页
[STEP]17:14:25:423-test_handle.py:27 >> 【step】前置构建日历便签数据
[STEP]17:14:26:439-test_handle.py:32 >> 【step】获取首页便签列表
[INFO]17:14:26:439-httpReMethod.py:42 >> send url: http://note-api.wps.cn/v3/notesvr/user/459349776/home/startindex/0/rows/50/notes
[INFO]17:14:26:455-httpReMethod.py:43 >> send headers: {'Cookie': 'wps_sid=V02SS3bAi_Tyd2Jka6BPbfRLnDcM4bw00aa04f6d001b611f10', 'X-user-key': '459349776'}
[INFO]17:14:26:939-httpReMethod.py:52 >> recv code: 200
[INFO]17:14:26:939-httpReMethod.py:53 >> recv body: {"responseTime":0,"webNotes":[]}
[STEP]17:14:27:361-caseLogs.py:54 >> Method Name:testCase02_check_groupNotes, Class Name:CreateGroupInput
[STEP]17:14:27:361-caseLogs.py:55 >> Test Description:查询分组便签是否在首页
[STEP]17:14:27:361-test_handle.py:43 >> 【step】前置构建分组便签数据
[STEP]17:14:28:533-test_handle.py:48 >> 【step】获取首页便签列表
[INFO]17:14:28:533-httpReMethod.py:42 >> send url: http://note-api.wps.cn/v3/notesvr/user/459349776/home/startindex/0/rows/50/notes
[INFO]17:14:28:533-httpReMethod.py:43 >> send headers: {'Cookie': 'wps_sid=V02SS3bAi_Tyd2Jka6BPbfRLnDcM4bw00aa04f6d001b611f10', 'X-user-key': '459349776'}
[INFO]17:14:28:908-httpReMethod.py:52 >> recv code: 200
[INFO]17:14:28:908-httpReMethod.py:53 >> recv body: {"responseTime":0,"webNotes":[]}
[STEP]17:14:29:721-caseLogs.py:54 >> Method Name:testCase03_check_recycleNotes, Class Name:CreateGroupInput
[STEP]17:14:29:721-caseLogs.py:55 >> Test Description:查询回收站便签是否在首页
[STEP]17:14:29:721-test_handle.py:59 >> 【step】前置构建回收站便签数据
[STEP]17:14:31:018-caseLogs.py:54 >> Method Name:testCase04_check_delNotes, Class Name:CreateGroupInput
[STEP]17:14:31:018-caseLogs.py:55 >> Test Description:查询彻底删除便签是否在首页
[STEP]17:14:31:034-test_handle.py:75 >> 【step】前置彻底删除便签数据
[STEP]17:14:32:863-test_handle.py:81 >> 【step】获取首页便签列表
[INFO]17:14:32:863-httpReMethod.py:42 >> send url: http://note-api.wps.cn/v3/notesvr/user/459349776/home/startindex/0/rows/50/notes
[INFO]17:14:32:863-httpReMethod.py:43 >> send headers: {'Cookie': 'wps_sid=V02SS3bAi_Tyd2Jka6BPbfRLnDcM4bw00aa04f6d001b611f10', 'X-user-key': '459349776'}
[INFO]17:14:33:316-httpReMethod.py:52 >> recv code: 200
[INFO]17:14:33:316-httpReMethod.py:53 >> recv body: {"responseTime":0,"webNotes":[{"noteId":"1730452469737_noteid","createTime":1730452469964,"star":0,"remindTime":0,"remindType":0,"infoVersion":1,"infoUpdateTime":1730452469964,"groupId":null,"title":"1730452470_title","summary":"1730452470_summary","thumbnail":null,"contentVersion":1,"contentUpdateTime":1730452470463}]}
[STEP]17:14:33:707-caseLogs.py:54 >> Method Name:testCase05_limit_rows, Class Name:CreateGroupInput
[STEP]17:14:33:707-caseLogs.py:55 >> Test Description:获取首页便签，限制获取条数
[STEP]17:14:33:707-test_handle.py:92 >> 【step】前置彻底删除便签数据
[STEP]17:14:35:489-test_handle.py:97 >> 【step】获取首页便签列表
[INFO]17:14:35:489-httpReMethod.py:42 >> send url: http://note-api.wps.cn/v3/notesvr/user/459349776/home/startindex/0/rows/1/notes
[INFO]17:14:35:489-httpReMethod.py:43 >> send headers: {'Cookie': 'wps_sid=V02SS3bAi_Tyd2Jka6BPbfRLnDcM4bw00aa04f6d001b611f10', 'X-user-key': '459349776'}
[INFO]17:14:36:021-httpReMethod.py:52 >> recv code: 200
[INFO]17:14:36:021-httpReMethod.py:53 >> recv body: {"responseTime":0,"webNotes":[{"noteId":"1730452474614_noteid","createTime":1730452474859,"star":0,"remindTime":0,"remindType":0,"infoVersion":1,"infoUpdateTime":1730452474859,"groupId":null,"title":"1730452475_title","summary":"1730452475_summary","thumbnail":null,"contentVersion":1,"contentUpdateTime":1730452475295}]}
[STEP]17:14:36:536-caseLogs.py:54 >> Method Name:testCase05_limit_startindex, Class Name:CreateGroupInput
[STEP]17:14:36:536-caseLogs.py:55 >> Test Description:获取首页便签，限制获取条数
[STEP]17:14:36:552-test_handle.py:104 >> 【step】前置彻底删除便签数据
[STEP]17:14:38:302-test_handle.py:109 >> 【step】获取首页便签列表
[INFO]17:14:38:302-httpReMethod.py:42 >> send url: http://note-api.wps.cn/v3/notesvr/user/459349776/home/startindex/1/rows/50/notes
[INFO]17:14:38:318-httpReMethod.py:43 >> send headers: {'Cookie': 'wps_sid=V02SS3bAi_Tyd2Jka6BPbfRLnDcM4bw00aa04f6d001b611f10', 'X-user-key': '459349776'}
[INFO]17:14:38:771-httpReMethod.py:52 >> recv code: 200
[INFO]17:14:38:787-httpReMethod.py:53 >> recv body: {"responseTime":0,"webNotes":[{"noteId":"1730452476552_noteid","createTime":1730452476786,"star":0,"remindTime":0,"remindType":0,"infoVersion":1,"infoUpdateTime":1730452476786,"groupId":null,"title":"1730452476_title","summary":"1730452476_summary","thumbnail":null,"contentVersion":1,"contentUpdateTime":1730452477220},{"noteId":"1730452474614_noteid","createTime":1730452474859,"star":0,"remindTime":0,"remindType":0,"infoVersion":1,"infoUpdateTime":1730452474859,"groupId":null,"title":"1730452475_title","summary":"1730452475_summary","thumbnail":null,"contentVersion":1,"contentUpdateTime":1730452475295},{"noteId":"1730452473707_noteid","createTime":1730452473962,"star":0,"remindTime":0,"remindType":0,"infoVersion":1,"infoUpdateTime":1730452473962,"groupId":null,"title":"1730452474_title","summary":"1730452474_summary","thumbnail":null,"contentVersion":1,"contentUpdateTime":1730452474452},{"noteId":"1730452469737_noteid","createTime":1730452469964,"star":0,"remindTime":0,"remindType":0,"infoVersion":1,"infoUpdateTime":1730452469964,"groupId":null,"title":"1730452470_title","summary":"1730452470_summary","thumbnail":null,"contentVersion":1,"contentUpdateTime":1730452470463}]}
[STEP]17:17:23:154-caseLogs.py:54 >> Method Name:testCase06_limit_startindex, Class Name:CreateGroupInput
[STEP]17:17:23:154-caseLogs.py:55 >> Test Description:获取首页便签，限制获取索引
[STEP]17:17:23:154-test_handle.py:104 >> 【step】前置彻底删除便签数据
[STEP]17:17:24:936-test_handle.py:109 >> 【step】获取首页便签列表
[INFO]17:17:24:936-httpReMethod.py:42 >> send url: http://note-api.wps.cn/v3/notesvr/user/459349776/home/startindex/1/rows/50/notes
[INFO]17:17:24:936-httpReMethod.py:43 >> send headers: {'Cookie': 'wps_sid=V02SS3bAi_Tyd2Jka6BPbfRLnDcM4bw00aa04f6d001b611f10', 'X-user-key': '459349776'}
[INFO]17:17:25:437-httpReMethod.py:52 >> recv code: 200
[INFO]17:17:25:437-httpReMethod.py:53 >> recv body: {"responseTime":0,"webNotes":[{"noteId":"1730452643154_noteid","createTime":1730452643428,"star":0,"remindTime":0,"remindType":0,"infoVersion":1,"infoUpdateTime":1730452643428,"groupId":null,"title":"1730452643_title","summary":"1730452643_summary","thumbnail":null,"contentVersion":1,"contentUpdateTime":1730452643869}]}
[STEP]17:18:26:541-caseLogs.py:54 >> Method Name:testCase03_check_recycleNotes, Class Name:CreateGroupInput
[STEP]17:18:26:557-caseLogs.py:55 >> Test Description:查询回收站便签是否在首页
[STEP]17:18:26:557-test_handle.py:59 >> 【step】前置构建回收站便签数据
[STEP]17:18:28:026-test_handle.py:64 >> 【step】获取首页便签列表
[INFO]17:18:28:026-httpReMethod.py:42 >> send url: http://note-api.wps.cn/v3/notesvr/user/459349776/home/startindex/0/rows/50/notes
[INFO]17:18:28:026-httpReMethod.py:43 >> send headers: {'Cookie': 'wps_sid=V02SS3bAi_Tyd2Jka6BPbfRLnDcM4bw00aa04f6d001b611f10', 'X-user-key': '459349776'}
[INFO]17:18:28:495-httpReMethod.py:52 >> recv code: 200
[INFO]17:18:28:510-httpReMethod.py:53 >> recv body: {"responseTime":0,"webNotes":[]}
[STEP]17:22:11:521-caseLogs.py:54 >> Method Name:testCase07_check_notes_num, Class Name:CreateGroupInput
[STEP]17:22:11:521-caseLogs.py:55 >> Test Description:获取首页便签，校验0条便签
[STEP]17:22:11:521-test_handle.py:116 >> 【step】不构建便签数据
[STEP]17:22:11:537-test_handle.py:119 >> 【step】获取首页便签列表
[INFO]17:22:11:537-httpReMethod.py:42 >> send url: http://note-api.wps.cn/v3/notesvr/user/459349776/home/startindex/0/rows/50/notes
[INFO]17:22:11:537-httpReMethod.py:43 >> send headers: {'Cookie': 'wps_sid=V02SS3bAi_Tyd2Jka6BPbfRLnDcM4bw00aa04f6d001b611f10', 'X-user-key': '459349776'}
[INFO]17:22:12:069-httpReMethod.py:52 >> recv code: 200
[INFO]17:22:12:085-httpReMethod.py:53 >> recv body: {"responseTime":0,"webNotes":[]}
[STEP]17:22:47:737-caseLogs.py:54 >> Method Name:testCase08_check_notes_num, Class Name:CreateGroupInput
[STEP]17:22:47:753-caseLogs.py:55 >> Test Description:获取首页便签，校验1条便签
[STEP]17:22:47:753-test_handle.py:126 >> 【step】前置构建便签数据条
[STEP]17:22:48:612-test_handle.py:130 >> 【step】获取首页便签列表
[INFO]17:22:48:628-httpReMethod.py:42 >> send url: http://note-api.wps.cn/v3/notesvr/user/459349776/home/startindex/0/rows/50/notes
[INFO]17:22:48:628-httpReMethod.py:43 >> send headers: {'Cookie': 'wps_sid=V02SS3bAi_Tyd2Jka6BPbfRLnDcM4bw00aa04f6d001b611f10', 'X-user-key': '459349776'}
[INFO]17:22:49:066-httpReMethod.py:52 >> recv code: 200
[INFO]17:22:49:066-httpReMethod.py:53 >> recv body: {"responseTime":0,"webNotes":[{"noteId":"1730452967753_noteid","createTime":1730452968073,"star":0,"remindTime":0,"remindType":0,"infoVersion":1,"infoUpdateTime":1730452968073,"groupId":null,"title":"1730452968_title","summary":"1730452968_summary","thumbnail":null,"contentVersion":1,"contentUpdateTime":1730452968484}]}
[STEP]17:23:23:247-caseLogs.py:54 >> Method Name:testCase09_check_notes_num, Class Name:CreateGroupInput
[STEP]17:23:23:247-caseLogs.py:55 >> Test Description:获取首页便签，校验2条便签
[STEP]17:23:23:247-test_handle.py:137 >> 【step】前置构建便签数据2条
[STEP]17:23:24:968-test_handle.py:141 >> 【step】获取首页便签列表
[INFO]17:23:24:983-httpReMethod.py:42 >> send url: http://note-api.wps.cn/v3/notesvr/user/459349776/home/startindex/0/rows/50/notes
[INFO]17:23:24:983-httpReMethod.py:43 >> send headers: {'Cookie': 'wps_sid=V02SS3bAi_Tyd2Jka6BPbfRLnDcM4bw00aa04f6d001b611f10', 'X-user-key': '459349776'}
[INFO]17:23:25:374-httpReMethod.py:52 >> recv code: 200
[INFO]17:23:25:374-httpReMethod.py:53 >> recv body: {"responseTime":0,"webNotes":[{"noteId":"1730453004123_noteid","createTime":1730453004389,"star":0,"remindTime":0,"remindType":0,"infoVersion":1,"infoUpdateTime":1730453004389,"groupId":null,"title":"1730453004_title","summary":"1730453004_summary","thumbnail":null,"contentVersion":1,"contentUpdateTime":1730453004835},{"noteId":"1730453003247_noteid","createTime":1730453003595,"star":0,"remindTime":0,"remindType":0,"infoVersion":1,"infoUpdateTime":1730453003595,"groupId":null,"title":"1730453003_title","summary":"1730453003_summary","thumbnail":null,"contentVersion":1,"contentUpdateTime":1730453004005}]}
[STEP]17:27:41:262-caseLogs.py:54 >> Method Name:testCase10_check_ultra_vires, Class Name:CreateGroupInput
[STEP]17:27:41:262-caseLogs.py:55 >> Test Description:获取其他用户首页便签，校验越权
[STEP]17:27:41:262-test_handle.py:150 >> 【step】前置构建便签数据2条
[STEP]17:27:42:216-test_handle.py:154 >> 【step】获取首页便签列表
[INFO]17:27:42:232-httpReMethod.py:42 >> send url: http://note-api.wps.cn/v3/notesvr/user/459349776/home/startindex/0/rows/50/notes
[INFO]17:27:42:232-httpReMethod.py:43 >> send headers: {'Cookie': 'wps_sid=V02SdJIgPeHbKDhJVkgz7SPSuae7ODk00a4833ed0036f58bfd', 'X-user-key': '922061821'}
[INFO]17:27:42:591-httpReMethod.py:52 >> recv code: 412
[INFO]17:27:42:607-httpReMethod.py:53 >> recv body: {"errorCode":-1011,"errorMsg":"user change!"}
[STEP]17:28:27:249-caseLogs.py:54 >> Method Name:testCase10_check_ultra_vires, Class Name:CreateGroupInput
[STEP]17:28:27:249-caseLogs.py:55 >> Test Description:获取其他用户首页便签，校验越权
[STEP]17:28:27:249-test_handle.py:150 >> 【step】前置构建便签数据2条
[STEP]17:28:28:125-test_handle.py:154 >> 【step】获取首页便签列表
[INFO]17:28:28:125-httpReMethod.py:42 >> send url: http://note-api.wps.cn/v3/notesvr/user/459349776/home/startindex/0/rows/50/notes
[INFO]17:28:28:125-httpReMethod.py:43 >> send headers: {'Cookie': 'wps_sid=V02SdJIgPeHbKDhJVkgz7SPSuae7ODk00a4833ed0036f58bfd', 'X-user-key': '922061821'}
[INFO]17:28:28:562-httpReMethod.py:52 >> recv code: 412
[INFO]17:28:28:578-httpReMethod.py:53 >> recv body: {"errorCode":-1011,"errorMsg":"user change!"}
[STEP]17:28:53:956-caseLogs.py:54 >> Method Name:testCase10_check_ultra_vires, Class Name:CreateGroupInput
[STEP]17:28:53:956-caseLogs.py:55 >> Test Description:获取其他用户首页便签，校验越权
[STEP]17:28:53:972-test_handle.py:150 >> 【step】前置构建便签数据2条
[STEP]17:28:54:785-test_handle.py:154 >> 【step】获取首页便签列表
[INFO]17:28:54:800-httpReMethod.py:42 >> send url: http://note-api.wps.cn/v3/notesvr/user/459349776/home/startindex/0/rows/50/notes
[INFO]17:28:54:800-httpReMethod.py:43 >> send headers: {'Cookie': 'wps_sid=V02SdJIgPeHbKDhJVkgz7SPSuae7ODk00a4833ed0036f58bfd', 'X-user-key': '922061821'}
[INFO]17:28:55:223-httpReMethod.py:52 >> recv code: 412
[INFO]17:28:55:238-httpReMethod.py:53 >> recv body: {"errorCode":-1011,"errorMsg":"user change!"}
[STEP]17:29:53:057-caseLogs.py:54 >> Method Name:testCase01_check_calendarNotes, Class Name:GetHomeNotes
[STEP]17:29:53:057-caseLogs.py:55 >> Test Description:查询日历便签是否在首页
[STEP]17:29:53:057-test_handle.py:29 >> 【step】前置构建日历便签数据
[STEP]17:29:53:932-test_handle.py:34 >> 【step】获取首页便签列表
[INFO]17:29:53:932-httpReMethod.py:42 >> send url: http://note-api.wps.cn/v3/notesvr/user/459349776/home/startindex/0/rows/50/notes
[INFO]17:29:53:932-httpReMethod.py:43 >> send headers: {'Cookie': 'wps_sid=V02SS3bAi_Tyd2Jka6BPbfRLnDcM4bw00aa04f6d001b611f10', 'X-user-key': '459349776'}
[INFO]17:29:54:307-httpReMethod.py:52 >> recv code: 200
[INFO]17:29:54:307-httpReMethod.py:53 >> recv body: {"responseTime":0,"webNotes":[]}
[STEP]17:29:55:338-caseLogs.py:54 >> Method Name:testCase02_check_groupNotes, Class Name:GetHomeNotes
[STEP]17:29:55:338-caseLogs.py:55 >> Test Description:查询分组便签是否在首页
[STEP]17:29:55:354-test_handle.py:45 >> 【step】前置构建分组便签数据
[STEP]17:29:56:823-test_handle.py:50 >> 【step】获取首页便签列表
[INFO]17:29:56:839-httpReMethod.py:42 >> send url: http://note-api.wps.cn/v3/notesvr/user/459349776/home/startindex/0/rows/50/notes
[INFO]17:29:56:839-httpReMethod.py:43 >> send headers: {'Cookie': 'wps_sid=V02SS3bAi_Tyd2Jka6BPbfRLnDcM4bw00aa04f6d001b611f10', 'X-user-key': '459349776'}
[INFO]17:29:57:198-httpReMethod.py:52 >> recv code: 200
[INFO]17:29:57:198-httpReMethod.py:53 >> recv body: {"responseTime":0,"webNotes":[]}
[STEP]17:29:58:011-caseLogs.py:54 >> Method Name:testCase03_check_recycleNotes, Class Name:GetHomeNotes
[STEP]17:29:58:027-caseLogs.py:55 >> Test Description:查询回收站便签是否在首页
[STEP]17:29:58:027-test_handle.py:61 >> 【step】前置构建回收站便签数据
[STEP]17:29:59:433-test_handle.py:66 >> 【step】获取首页便签列表
[INFO]17:29:59:433-httpReMethod.py:42 >> send url: http://note-api.wps.cn/v3/notesvr/user/459349776/home/startindex/0/rows/50/notes
[INFO]17:29:59:449-httpReMethod.py:43 >> send headers: {'Cookie': 'wps_sid=V02SS3bAi_Tyd2Jka6BPbfRLnDcM4bw00aa04f6d001b611f10', 'X-user-key': '459349776'}
[INFO]17:29:59:871-httpReMethod.py:52 >> recv code: 200
[INFO]17:29:59:871-httpReMethod.py:53 >> recv body: {"responseTime":0,"webNotes":[]}
[STEP]17:30:01:498-caseLogs.py:54 >> Method Name:testCase04_check_delNotes, Class Name:GetHomeNotes
[STEP]17:30:01:498-caseLogs.py:55 >> Test Description:查询彻底删除便签是否在首页
[STEP]17:30:01:513-test_handle.py:77 >> 【step】前置彻底删除便签数据
[STEP]17:30:03:171-test_handle.py:83 >> 【step】获取首页便签列表
[INFO]17:30:03:171-httpReMethod.py:42 >> send url: http://note-api.wps.cn/v3/notesvr/user/459349776/home/startindex/0/rows/50/notes
[INFO]17:30:03:171-httpReMethod.py:43 >> send headers: {'Cookie': 'wps_sid=V02SS3bAi_Tyd2Jka6BPbfRLnDcM4bw00aa04f6d001b611f10', 'X-user-key': '459349776'}
[INFO]17:30:03:562-httpReMethod.py:52 >> recv code: 200
[INFO]17:30:03:562-httpReMethod.py:53 >> recv body: {"responseTime":0,"webNotes":[]}
[STEP]17:30:04:391-caseLogs.py:54 >> Method Name:testCase05_limit_rows, Class Name:GetHomeNotes
[STEP]17:30:04:407-caseLogs.py:55 >> Test Description:获取首页便签，限制获取条数
[STEP]17:30:04:407-test_handle.py:94 >> 【step】前置便签数据2条
[STEP]17:30:06:001-test_handle.py:99 >> 【step】获取首页便签列表
[INFO]17:30:06:017-httpReMethod.py:42 >> send url: http://note-api.wps.cn/v3/notesvr/user/459349776/home/startindex/0/rows/1/notes
[INFO]17:30:06:017-httpReMethod.py:43 >> send headers: {'Cookie': 'wps_sid=V02SS3bAi_Tyd2Jka6BPbfRLnDcM4bw00aa04f6d001b611f10', 'X-user-key': '459349776'}
[INFO]17:30:06:454-httpReMethod.py:52 >> recv code: 200
[INFO]17:30:06:454-httpReMethod.py:53 >> recv body: {"responseTime":0,"webNotes":[{"noteId":"1730453405204_noteid","createTime":1730453405476,"star":0,"remindTime":0,"remindType":0,"infoVersion":1,"infoUpdateTime":1730453405476,"groupId":null,"title":"1730453405_title","summary":"1730453405_summary","thumbnail":null,"contentVersion":1,"contentUpdateTime":1730453405902}]}
[STEP]17:30:09:158-caseLogs.py:54 >> Method Name:testCase06_limit_startindex, Class Name:GetHomeNotes
[STEP]17:30:09:158-caseLogs.py:55 >> Test Description:获取首页便签，限制获取索引
[STEP]17:30:09:158-test_handle.py:106 >> 【step】前置构建便签数据2条
[STEP]17:30:10:987-test_handle.py:111 >> 【step】获取首页便签列表
[INFO]17:30:10:987-httpReMethod.py:42 >> send url: http://note-api.wps.cn/v3/notesvr/user/459349776/home/startindex/1/rows/50/notes
[INFO]17:30:11:003-httpReMethod.py:43 >> send headers: {'Cookie': 'wps_sid=V02SS3bAi_Tyd2Jka6BPbfRLnDcM4bw00aa04f6d001b611f10', 'X-user-key': '459349776'}
[INFO]17:30:11:519-httpReMethod.py:52 >> recv code: 200
[INFO]17:30:11:535-httpReMethod.py:53 >> recv body: {"responseTime":0,"webNotes":[{"noteId":"1730453409158_noteid","createTime":1730453409455,"star":0,"remindTime":0,"remindType":0,"infoVersion":1,"infoUpdateTime":1730453409455,"groupId":null,"title":"1730453409_title","summary":"1730453409_summary","thumbnail":null,"contentVersion":1,"contentUpdateTime":1730453409967}]}
[STEP]17:30:13:959-caseLogs.py:54 >> Method Name:testCase07_check_notes_num, Class Name:GetHomeNotes
[STEP]17:30:13:959-caseLogs.py:55 >> Test Description:获取首页便签，校验0条便签
[STEP]17:30:13:959-test_handle.py:118 >> 【step】不构建便签数据
[STEP]17:30:13:974-test_handle.py:121 >> 【step】获取首页便签列表
[INFO]17:30:13:974-httpReMethod.py:42 >> send url: http://note-api.wps.cn/v3/notesvr/user/459349776/home/startindex/0/rows/50/notes
[INFO]17:30:13:974-httpReMethod.py:43 >> send headers: {'Cookie': 'wps_sid=V02SS3bAi_Tyd2Jka6BPbfRLnDcM4bw00aa04f6d001b611f10', 'X-user-key': '459349776'}
[INFO]17:30:14:349-httpReMethod.py:52 >> recv code: 200
[INFO]17:30:14:349-httpReMethod.py:53 >> recv body: {"responseTime":0,"webNotes":[]}
[STEP]17:30:15:147-caseLogs.py:54 >> Method Name:testCase08_check_notes_num, Class Name:GetHomeNotes
[STEP]17:30:15:147-caseLogs.py:55 >> Test Description:获取首页便签，校验1条便签
[STEP]17:30:15:147-test_handle.py:128 >> 【step】前置构建便签数据1条
[STEP]17:30:16:131-test_handle.py:132 >> 【step】获取首页便签列表
[INFO]17:30:16:131-httpReMethod.py:42 >> send url: http://note-api.wps.cn/v3/notesvr/user/459349776/home/startindex/0/rows/50/notes
[INFO]17:30:16:131-httpReMethod.py:43 >> send headers: {'Cookie': 'wps_sid=V02SS3bAi_Tyd2Jka6BPbfRLnDcM4bw00aa04f6d001b611f10', 'X-user-key': '459349776'}
[INFO]17:30:16:569-httpReMethod.py:52 >> recv code: 200
[INFO]17:30:16:569-httpReMethod.py:53 >> recv body: {"responseTime":0,"webNotes":[{"noteId":"1730453415147_noteid","createTime":1730453415468,"star":0,"remindTime":0,"remindType":0,"infoVersion":1,"infoUpdateTime":1730453415468,"groupId":null,"title":"1730453415_title","summary":"1730453415_summary","thumbnail":null,"contentVersion":1,"contentUpdateTime":1730453416031}]}
[STEP]17:30:18:696-caseLogs.py:54 >> Method Name:testCase09_check_notes_num, Class Name:GetHomeNotes
[STEP]17:30:18:696-caseLogs.py:55 >> Test Description:获取首页便签，校验2条便签
[STEP]17:30:18:696-test_handle.py:139 >> 【step】前置构建便签数据2条
[STEP]17:30:20:399-test_handle.py:143 >> 【step】获取首页便签列表
[INFO]17:30:20:399-httpReMethod.py:42 >> send url: http://note-api.wps.cn/v3/notesvr/user/459349776/home/startindex/0/rows/50/notes
[INFO]17:30:20:399-httpReMethod.py:43 >> send headers: {'Cookie': 'wps_sid=V02SS3bAi_Tyd2Jka6BPbfRLnDcM4bw00aa04f6d001b611f10', 'X-user-key': '459349776'}
[INFO]17:30:20:790-httpReMethod.py:52 >> recv code: 200
[INFO]17:30:20:806-httpReMethod.py:53 >> recv body: {"responseTime":0,"webNotes":[{"noteId":"1730453419556_noteid","createTime":1730453419847,"star":0,"remindTime":0,"remindType":0,"infoVersion":1,"infoUpdateTime":1730453419847,"groupId":null,"title":"1730453419_title","summary":"1730453419_summary","thumbnail":null,"contentVersion":1,"contentUpdateTime":1730453420257},{"noteId":"1730453418696_noteid","createTime":1730453418972,"star":0,"remindTime":0,"remindType":0,"infoVersion":1,"infoUpdateTime":1730453418972,"groupId":null,"title":"1730453419_title","summary":"1730453419_summary","thumbnail":null,"contentVersion":1,"contentUpdateTime":1730453419426}]}
[STEP]17:30:23:433-caseLogs.py:54 >> Method Name:testCase10_check_ultra_vires, Class Name:GetHomeNotes
[STEP]17:30:23:433-caseLogs.py:55 >> Test Description:获取其他用户首页便签，校验越权
[STEP]17:30:23:449-test_handle.py:150 >> 【step】前置构建便签数据2条
[STEP]17:30:24:230-test_handle.py:154 >> 【step】获取首页便签列表
[INFO]17:30:24:246-httpReMethod.py:42 >> send url: http://note-api.wps.cn/v3/notesvr/user/459349776/home/startindex/0/rows/50/notes
[INFO]17:30:24:246-httpReMethod.py:43 >> send headers: {'Cookie': 'wps_sid=V02SdJIgPeHbKDhJVkgz7SPSuae7ODk00a4833ed0036f58bfd', 'X-user-key': '922061821'}
[INFO]17:30:24:621-httpReMethod.py:52 >> recv code: 412
[INFO]17:30:24:621-httpReMethod.py:53 >> recv body: {"errorCode":-1011,"errorMsg":"user change!"}
